<?xml version="1.0" encoding="UTF-8"?>
<!-- Generated by org.testng.reporters.JUnitReportReporter -->
<testsuite hostname="Akki" failures="0" tests="8" name="test.OrangeHRM" time="40.312" errors="0" timestamp="2023-09-16T22:56:55 IST" skipped="0">
  <testcase classname="test.OrangeHRM" name="DeleteLocation" time="4.073"/>
  <testcase classname="test.OrangeHRM" name="CreateLocation" time="7.510"/>
  <testcase classname="test.OrangeHRM" name="RequireFieldTest" time="5.725"/>
  <testcase classname="test.OrangeHRM" name="CreateOrganiationNameReq" time="3.397"/>
  <testcase classname="test.OrangeHRM" name="Locationdatareset" time="3.616"/>
  <testcase classname="test.OrangeHRM" name="SearchLocation" time="4.484"/>
  <testcase classname="test.OrangeHRM" name="CreateOrganiationName" time="5.634"/>
  <testcase classname="test.OrangeHRM" name="SearchStructure" time="5.873"/>
</testsuite> <!-- test.OrangeHRM -->
